INFO: [COSIM-47] Using XSIM for RTL simulation.
INFO: [COSIM-14] Instrumenting C test bench ...
   Build using "/tools/Xilinx/Vitis_HLS/2021.2/tps/lnx64/gcc-6.2.0/bin/g++"
   Compiling matrixmul_test.cpp_pre.cpp.tb.cpp
   Compiling apatb_matrixmul.cpp
   Compiling matrixmul.cpp_pre.cpp.tb.cpp
   Compiling apatb_matrixmul_ir.ll
   Generating cosim.tv.exe
INFO: [COSIM-302] Starting C TB testing ... 
INFO: [COSIM-333] Generating C post check test bench ...
INFO: [COSIM-12] Generating RTL test bench ...
INFO: [COSIM-1] *** C/RTL co-simulation file generation completed. ***
INFO: [COSIM-323] Starting verilog simulation. 
INFO: [COSIM-15] Starting XSIM ...
INFO: [COSIM-316] Starting C post checking ...
{
{870,906,942}
{1086,1131,1176}
{1302,1356,1410}
}
Test passed.
Vivado Simulator v2021.2
Copyright 1986-1999, 2001-2021 Xilinx, Inc. All Rights Reserved.
Running: /tools/Xilinx/Vivado/2021.2/bin/unwrapped/lnx64.o/xelab xil_defaultlib.apatb_matrixmul_top glbl -Oenable_linking_all_libraries -prj matrixmul.prj -L smartconnect_v1_0 -L axi_protocol_checker_v1_1_12 -L axi_protocol_checker_v1_1_13 -L axis_protocol_checker_v1_1_11 -L axis_protocol_checker_v1_1_12 -L xil_defaultlib -L unisims_ver -L xpm -L floating_point_v7_0_19 -L floating_point_v7_1_13 --lib ieee_proposed=./ieee_proposed -s matrixmul -debug wave 
Multi-threading is on. Using 2 slave threads.
WARNING: [XSIM 43-3431] One or more environment variables have been detected which affect the operation of the C compiler. These are typically not set in standard installations and are not tested by Xilinx, however they may be appropriate for your system, so the flow will attempt to continue.  If errors occur, try running xelab with the "-mt off -v 1" switches to see more information from the C compiler. The following environment variables have been detected:
    LIBRARY_PATH
INFO: [VRFC 10-2263] Analyzing SystemVerilog file "/home/moblau/ece520/lab10/hls/matrixmult/solution1/sim/verilog/glbl.v" into library work
INFO: [VRFC 10-311] analyzing module glbl
INFO: [VRFC 10-2263] Analyzing SystemVerilog file "/home/moblau/ece520/lab10/hls/matrixmult/solution1/sim/verilog/matrixmul_mac_muladd_8s_8s_16ns_16_4_1.v" into library xil_defaultlib
INFO: [VRFC 10-311] analyzing module matrixmul_mac_muladd_8s_8s_16ns_16_4_1_DSP48_1
INFO: [VRFC 10-311] analyzing module matrixmul_mac_muladd_8s_8s_16ns_16_4_1
INFO: [VRFC 10-2263] Analyzing SystemVerilog file "/home/moblau/ece520/lab10/hls/matrixmult/solution1/sim/verilog/matrixmul_mac_muladd_8s_8s_16s_16_4_1.v" into library xil_defaultlib
INFO: [VRFC 10-311] analyzing module matrixmul_mac_muladd_8s_8s_16s_16_4_1_DSP48_0
INFO: [VRFC 10-311] analyzing module matrixmul_mac_muladd_8s_8s_16s_16_4_1
INFO: [VRFC 10-2263] Analyzing SystemVerilog file "/home/moblau/ece520/lab10/hls/matrixmult/solution1/sim/verilog/matrixmul.v" into library xil_defaultlib
INFO: [VRFC 10-311] analyzing module matrixmul
INFO: [VRFC 10-2263] Analyzing SystemVerilog file "/home/moblau/ece520/lab10/hls/matrixmult/solution1/sim/verilog/AESL_automem_b.v" into library xil_defaultlib
INFO: [VRFC 10-311] analyzing module AESL_automem_b
INFO: [VRFC 10-2263] Analyzing SystemVerilog file "/home/moblau/ece520/lab10/hls/matrixmult/solution1/sim/verilog/matrixmul.autotb.v" into library xil_defaultlib
INFO: [VRFC 10-311] analyzing module apatb_matrixmul_top
INFO: [VRFC 10-2263] Analyzing SystemVerilog file "/home/moblau/ece520/lab10/hls/matrixmult/solution1/sim/verilog/matrixmul_flow_control_loop_pipe.v" into library xil_defaultlib
INFO: [VRFC 10-311] analyzing module matrixmul_flow_control_loop_pipe
INFO: [VRFC 10-2263] Analyzing SystemVerilog file "/home/moblau/ece520/lab10/hls/matrixmult/solution1/sim/verilog/AESL_automem_res.v" into library xil_defaultlib
INFO: [VRFC 10-311] analyzing module AESL_automem_res
INFO: [VRFC 10-2263] Analyzing SystemVerilog file "/home/moblau/ece520/lab10/hls/matrixmult/solution1/sim/verilog/matrixmul_mul_8s_8s_16_1_1.v" into library xil_defaultlib
INFO: [VRFC 10-311] analyzing module matrixmul_mul_8s_8s_16_1_1
INFO: [VRFC 10-2263] Analyzing SystemVerilog file "/home/moblau/ece520/lab10/hls/matrixmult/solution1/sim/verilog/AESL_automem_a.v" into library xil_defaultlib
INFO: [VRFC 10-311] analyzing module AESL_automem_a
INFO: [VRFC 10-2263] Analyzing SystemVerilog file "/home/moblau/ece520/lab10/hls/matrixmult/solution1/sim/verilog/dataflow_monitor.sv" into library xil_defaultlib
INFO: [VRFC 10-311] analyzing module dataflow_monitor
Starting static elaboration
Pass Through NonSizing Optimizer
Completed static elaboration
Starting simulation data flow analysis
Completed simulation data flow analysis
Time Resolution for simulation is 1ps
Compiling package xil_defaultlib.$unit_dataflow_monitor_sv
Compiling module xil_defaultlib.matrixmul_mul_8s_8s_16_1_1(NUM_S...
Compiling module xil_defaultlib.matrixmul_mac_muladd_8s_8s_16s_1...
Compiling module xil_defaultlib.matrixmul_mac_muladd_8s_8s_16s_1...
Compiling module xil_defaultlib.matrixmul_mac_muladd_8s_8s_16ns_...
Compiling module xil_defaultlib.matrixmul_mac_muladd_8s_8s_16ns_...
Compiling module xil_defaultlib.matrixmul_flow_control_loop_pipe
Compiling module xil_defaultlib.matrixmul
Compiling module xil_defaultlib.AESL_automem_a
Compiling module xil_defaultlib.AESL_automem_b
Compiling module xil_defaultlib.AESL_automem_res
Compiling module xil_defaultlib.nodf_module_intf
Compiling module xil_defaultlib.upc_loop_intf
Compiling module xil_defaultlib.dataflow_monitor_1
Compiling module xil_defaultlib.apatb_matrixmul_top
Compiling module work.glbl
Built simulation snapshot matrixmul

****** xsim v2021.2 (64-bit)
  **** SW Build 3367213 on Tue Oct 19 02:47:39 MDT 2021
  **** IP Build 3369179 on Thu Oct 21 08:25:16 MDT 2021
    ** Copyright 1986-2021 Xilinx, Inc. All Rights Reserved.

start_gui
INFO: [Common 17-206] Exiting xsim at Fri May 13 20:49:21 2022...
{
{870,906,942}
{1086,1131,1176}
{1302,1356,1410}
}
Test passed.
INFO: [COSIM-1000] *** C/RTL co-simulation finished: PASS ***
INFO: [COSIM-211] II is measurable only when transaction number is greater than 1 in RTL simulation. Otherwise, they will be marked as all NA. If user wants to calculate them, please make sure there are at least 2 transactions in RTL simulation.
