INFO: [HLS 200-10] Running '/tools/Xilinx/Vitis_HLS/2021.2/bin/unwrapped/lnx64.o/vitis_hls'
INFO: [HLS 200-10] For user 'moblau' on host 'moblau' (Linux_x86_64 version 5.13.0-41-generic) on Fri May 13 20:52:16 PDT 2022
INFO: [HLS 200-10] On os Ubuntu 20.04.4 LTS
INFO: [HLS 200-10] In directory '/home/moblau/ece520/lab10/hls'
Sourcing Tcl script '/home/moblau/ece520/lab10/hls/matrixmult/solution1/export.tcl'
INFO: [HLS 200-1510] Running: open_project matrixmult 
INFO: [HLS 200-10] Opening project '/home/moblau/ece520/lab10/hls/matrixmult'.
INFO: [HLS 200-1510] Running: set_top matrixmul 
INFO: [HLS 200-1510] Running: add_files ../sp22-e520-lab-assignment10-moblau/sources/matrixmul.cpp 
INFO: [HLS 200-10] Adding design file '../sp22-e520-lab-assignment10-moblau/sources/matrixmul.cpp' to the project
INFO: [HLS 200-1510] Running: add_files -tb ../sp22-e520-lab-assignment10-moblau/sources/matrixmul_test.cpp -cflags -DHW_COSIM 
INFO: [HLS 200-10] Adding test bench file '../sp22-e520-lab-assignment10-moblau/sources/matrixmul_test.cpp' to the project
INFO: [HLS 200-1510] Running: open_solution solution1 -flow_target vivado 
INFO: [HLS 200-10] Opening solution '/home/moblau/ece520/lab10/hls/matrixmult/solution1'.
INFO: [SYN 201-201] Setting up clock 'default' with a period of 10ns.
INFO: [HLS 200-1611] Setting target device to 'xc7z010-clg400-1'
INFO: [HLS 200-1505] Using flow_target 'vivado'
Resolution: For help on HLS 200-1505 see www.xilinx.com/cgi-bin/docs/rdoc?v=2021.2;t=hls+guidance;d=200-1505.html
INFO: [HLS 200-1464] Running solution command: config_export -description {matrix multiplier}
INFO: [HLS 200-1464] Running solution command: config_export -display_name=matrixmult
INFO: [HLS 200-1464] Running solution command: config_export -output=/home/moblau/ece520/lab10/hardware/ip_repo
INFO: [HLS 200-1464] Running solution command: config_export -version=1.0.0
INFO: [HLS 200-1510] Running: set_part xc7z010clg400-1 
INFO: [HLS 200-1510] Running: create_clock -period 10 -name default 
INFO: [SYN 201-201] Setting up clock 'default' with a period of 10ns.
INFO: [HLS 200-1510] Running: config_export -description matrix multiplier -display_name matrixmult -output /home/moblau/ece520/lab10/hardware/ip_repo -version 1.0.0 
INFO: [HLS 200-1510] Running: export_design -rtl verilog -format ip_catalog -output /home/moblau/ece520/lab10/hardware/ip_repo 
INFO: [IMPL 213-8] Exporting RTL as a Vivado IP.

****** Vivado v2021.2 (64-bit)
  **** SW Build 3367213 on Tue Oct 19 02:47:39 MDT 2021
  **** IP Build 3369179 on Thu Oct 21 08:25:16 MDT 2021
    ** Copyright 1986-2021 Xilinx, Inc. All Rights Reserved.

source run_ippack.tcl -notrace
ipx::create_core: Time (s): cpu = 00:00:06 ; elapsed = 00:00:06 . Memory (MB): peak = 2789.348 ; gain = 0.023 ; free physical = 9634 ; free virtual = 16797
INFO: [IP_Flow 19-234] Refreshing IP repositories
INFO: [IP_Flow 19-1704] No user IP repositories specified
INFO: [IP_Flow 19-2313] Loaded Vivado IP repository '/tools/Xilinx/Vivado/2021.2/data/ip'.
INFO: [Common 17-206] Exiting Vivado at Fri May 13 20:52:52 2022...
INFO: [HLS 200-802] Generated output file /home/moblau/ece520/lab10/hardware/ip_repo/export.zip
INFO: [HLS 200-111] Finished Command export_design CPU user time: 33.88 seconds. CPU system time: 1.7 seconds. Elapsed time: 35 seconds; current allocated memory: -930.805 MB.
INFO: [HLS 200-112] Total CPU user time: 39.78 seconds. Total CPU system time: 2.83 seconds. Total elapsed time: 39.47 seconds; peak allocated memory: 291.406 MB.
